Starting a Gradle Daemon, 1 busy and 2 stopped Daemons could not be reused, use --status for details
Configuration on demand is an incubating feature.

> Configure project :app
WARNING: The option setting 'android.builtInKotlin=false' is deprecated.
The current default is 'true'.
It will be removed in version 10.0 of the Android Gradle plugin.
WARNING: The option setting 'android.newDsl=false' is deprecated.
The current default is 'true'.
It will be removed in version 10.0 of the Android Gradle plugin.
w: Deprecated 'org.jetbrains.kotlin.android' plugin usage
The 'org.jetbrains.kotlin.android' plugin in project ':app' is no longer required for Kotlin support since AGP 9.0.
Solution:
Remove both `android.builtInKotlin=true` and `android.newDsl=false` from `gradle.properties`, then migrate to built-in Kotlin.
See https://kotl.in/gradle/agp-built-in-kotlin for more details.


> Task :build-logic:checkKotlinGradlePluginConfigurationErrors SKIPPED
> Task :build-logic:compileKotlin UP-TO-DATE
> Task :build-logic:compileJava NO-SOURCE
> Task :build-logic:pluginDescriptors UP-TO-DATE
> Task :build-logic:processResources UP-TO-DATE
> Task :build-logic:classes UP-TO-DATE
> Task :build-logic:jar UP-TO-DATE
> Task :genesis:preBuild UP-TO-DATE
> Task :agents:growthmetrics:nexusmemory:preBuild UP-TO-DATE
> Task :aura:reactivedesign:collabcanvas:preBuild UP-TO-DATE
> Task :cascade:datastream:taskmanager:preBuild UP-TO-DATE
> Task :aura:reactivedesign:chromacore:preBuild UP-TO-DATE
> Task :genesis:oracledrive:datavein:preBuild UP-TO-DATE
> Task :cascade:datastream:delivery:preBuild UP-TO-DATE
> Task :kai:sentinelsfortress:security:preBuild UP-TO-DATE
> Task :kai:sentinelsfortress:systemintegrity:preBuild UP-TO-DATE
> Task :agents:growthmetrics:nexusmemory:preDebugBuild UP-TO-DATE
> Task :agents:growthmetrics:identity:preBuild UP-TO-DATE
> Task :agents:growthmetrics:progression:preBuild UP-TO-DATE
> Task :genesis:preDebugBuild UP-TO-DATE
> Task :cascade:datastream:routing:preBuild UP-TO-DATE
> Task :app:checkKotlinGradlePluginConfigurationErrors SKIPPED
> Task :aura:reactivedesign:auraslab:preBuild UP-TO-DATE
> Task :genesis:oracledrive:preBuild UP-TO-DATE
> Task :agents:growthmetrics:metareflection:preBuild UP-TO-DATE
> Task :aura:reactivedesign:collabcanvas:preDebugBuild UP-TO-DATE
> Task :genesis:oracledrive:preDebugBuild UP-TO-DATE
> Task :aura:reactivedesign:chromacore:preDebugBuild UP-TO-DATE
> Task :cascade:datastream:taskmanager:preDebugBuild UP-TO-DATE
> Task :cascade:datastream:delivery:preDebugBuild UP-TO-DATE
> Task :kai:sentinelsfortress:security:preDebugBuild UP-TO-DATE
> Task :genesis:oracledrive:datavein:preDebugBuild UP-TO-DATE
> Task :kai:sentinelsfortress:systemintegrity:preDebugBuild UP-TO-DATE
> Task :agents:growthmetrics:identity:preDebugBuild UP-TO-DATE
> Task :agents:growthmetrics:progression:preDebugBuild UP-TO-DATE
> Task :cascade:datastream:routing:preDebugBuild UP-TO-DATE
> Task :aura:reactivedesign:auraslab:preDebugBuild UP-TO-DATE
> Task :agents:growthmetrics:metareflection:preDebugBuild UP-TO-DATE
> Task :agents:growthmetrics:spheregrid:preBuild UP-TO-DATE
> Task :agents:growthmetrics:tasker:preBuild UP-TO-DATE
> Task :agents:growthmetrics:tasker:preDebugBuild UP-TO-DATE
> Task :agents:growthmetrics:spheregrid:preDebugBuild UP-TO-DATE
> Task :app:cleanKspCache UP-TO-DATE
> Task :app:preBuild UP-TO-DATE
> Task :app:preDebugBuild UP-TO-DATE
> Task :genesis:oracledrive:datavein:compileDebugAidl NO-SOURCE
> Task :aura:reactivedesign:collabcanvas:compileDebugAidl NO-SOURCE
> Task :agents:growthmetrics:nexusmemory:compileDebugAidl NO-SOURCE
> Task :aura:reactivedesign:auraslab:compileDebugAidl NO-SOURCE
> Task :cascade:datastream:routing:compileDebugAidl NO-SOURCE
> Task :genesis:compileDebugAidl NO-SOURCE
> Task :kai:sentinelsfortress:systemintegrity:compileDebugAidl NO-SOURCE
> Task :kai:sentinelsfortress:security:compileDebugAidl NO-SOURCE
> Task :aura:reactivedesign:chromacore:compileDebugAidl NO-SOURCE
> Task :genesis:oracledrive:compileDebugAidl NO-SOURCE
> Task :aura:reactivedesign:customization:preBuild UP-TO-DATE
> Task :aura:reactivedesign:customization:preDebugBuild UP-TO-DATE
> Task :cascade:datastream:taskmanager:compileDebugAidl NO-SOURCE
> Task :cascade:datastream:delivery:compileDebugAidl NO-SOURCE
> Task :agents:growthmetrics:identity:generateDebugResources
> Task :agents:growthmetrics:nexusmemory:generateDebugResources
> Task :cascade:datastream:routing:generateDebugResources
> Task :agents:growthmetrics:progression:generateDebugResources
> Task :agents:growthmetrics:tasker:generateDebugResources
> Task :agents:growthmetrics:spheregrid:generateDebugResources
> Task :genesis:generateDebugResources
> Task :aura:reactivedesign:customization:generateDebugResources
> Task :aura:reactivedesign:auraslab:generateDebugResources
> Task :agents:growthmetrics:metareflection:generateDebugResources
> Task :cascade:datastream:delivery:generateDebugResources
> Task :cascade:datastream:taskmanager:generateDebugResources
> Task :aura:reactivedesign:collabcanvas:generateDebugResources
> Task :genesis:oracledrive:rootmanagement:preBuild UP-TO-DATE
> Task :genesis:oracledrive:generateDebugResources
> Task :genesis:oracledrive:rootmanagement:preDebugBuild UP-TO-DATE
> Task :kai:sentinelsfortress:threatmonitor:preBuild UP-TO-DATE
> Task :kai:sentinelsfortress:threatmonitor:preDebugBuild UP-TO-DATE
> Task :aura:reactivedesign:chromacore:generateDebugResources
> Task :kai:sentinelsfortress:threatmonitor:generateDebugResources FROM-CACHE
> Task :kai:sentinelsfortress:systemintegrity:generateDebugResources FROM-CACHE
> Task :genesis:oracledrive:datavein:generateDebugResources
> Task :genesis:oracledrive:processDebugNavigationResources
> Task :kai:sentinelsfortress:security:generateDebugResources
> Task :genesis:oracledrive:rootmanagement:generateDebugResources
> Task :aura:reactivedesign:chromacore:processDebugNavigationResources
> Task :genesis:processDebugNavigationResources
> Task :cascade:datastream:delivery:processDebugNavigationResources
> Task :cascade:datastream:taskmanager:processDebugNavigationResources
> Task :aura:reactivedesign:collabcanvas:processDebugNavigationResources
> Task :aura:reactivedesign:customization:processDebugNavigationResources
> Task :genesis:oracledrive:datavein:processDebugNavigationResources
> Task :kai:sentinelsfortress:threatmonitor:processDebugNavigationResources FROM-CACHE
> Task :genesis:oracledrive:rootmanagement:processDebugNavigationResources
> Task :kai:sentinelsfortress:systemintegrity:processDebugNavigationResources FROM-CACHE
> Task :kai:sentinelsfortress:security:processDebugNavigationResources
> Task :genesis:generateDebugBuildConfig
> Task :genesis:oracledrive:generateDebugBuildConfig
> Task :cascade:datastream:taskmanager:generateDebugBuildConfig
> Task :aura:reactivedesign:chromacore:generateDebugBuildConfig
> Task :aura:reactivedesign:collabcanvas:generateDebugBuildConfig
> Task :aura:reactivedesign:auraslab:packageDebugResources
> Task :cascade:datastream:delivery:generateDebugBuildConfig
> Task :agents:growthmetrics:metareflection:packageDebugResources
> Task :agents:growthmetrics:tasker:packageDebugResources
> Task :cascade:datastream:routing:packageDebugResources
> Task :agents:growthmetrics:progression:packageDebugResources
> Task :agents:growthmetrics:spheregrid:packageDebugResources
> Task :agents:growthmetrics:identity:packageDebugResources
> Task :agents:growthmetrics:nexusmemory:packageDebugResources
> Task :agents:growthmetrics:metareflection:processDebugNavigationResources FROM-CACHE
> Task :agents:growthmetrics:identity:processDebugNavigationResources FROM-CACHE
> Task :agents:growthmetrics:nexusmemory:processDebugNavigationResources FROM-CACHE
> Task :agents:growthmetrics:spheregrid:processDebugNavigationResources FROM-CACHE
> Task :agents:growthmetrics:progression:processDebugNavigationResources FROM-CACHE
> Task :agents:growthmetrics:tasker:processDebugNavigationResources FROM-CACHE
> Task :kai:sentinelsfortress:systemintegrity:packageDebugResources
> Task :cascade:datastream:delivery:packageDebugResources
> Task :genesis:oracledrive:rootmanagement:packageDebugResources
> Task :genesis:oracledrive:datavein:packageDebugResources
> Task :kai:sentinelsfortress:threatmonitor:packageDebugResources
> Task :kai:sentinelsfortress:security:packageDebugResources
> Task :cascade:datastream:routing:processDebugNavigationResources FROM-CACHE
> Task :aura:reactivedesign:auraslab:processDebugNavigationResources FROM-CACHE
> Task :agents:growthmetrics:tasker:parseDebugLocalResources
> Task :cascade:datastream:delivery:parseDebugLocalResources
> Task :agents:growthmetrics:progression:parseDebugLocalResources
> Task :aura:reactivedesign:auraslab:parseDebugLocalResources
> Task :cascade:datastream:routing:parseDebugLocalResources
> Task :agents:growthmetrics:nexusmemory:parseDebugLocalResources
> Task :agents:growthmetrics:metareflection:parseDebugLocalResources
> Task :agents:growthmetrics:spheregrid:parseDebugLocalResources
> Task :agents:growthmetrics:identity:parseDebugLocalResources
> Task :aura:reactivedesign:customization:packageDebugResources
> Task :genesis:packageDebugResources
> Task :genesis:parseDebugLocalResources FROM-CACHE
> Task :cascade:datastream:taskmanager:packageDebugResources
> Task :aura:reactivedesign:collabcanvas:packageDebugResources
> Task :agents:growthmetrics:nexusmemory:generateDebugRFile
> Task :agents:growthmetrics:identity:generateDebugRFile
> Task :aura:reactivedesign:chromacore:packageDebugResources
> Task :agents:growthmetrics:progression:generateDebugRFile
> Task :genesis:generateDebugRFile
> Task :genesis:oracledrive:packageDebugResources
> Task :aura:reactivedesign:customization:parseDebugLocalResources FROM-CACHE
> Task :agents:growthmetrics:spheregrid:generateDebugRFile
> Task :agents:growthmetrics:metareflection:generateDebugRFile
> Task :cascade:datastream:taskmanager:parseDebugLocalResources FROM-CACHE
> Task :cascade:datastream:delivery:generateDebugRFile
> Task :aura:reactivedesign:collabcanvas:parseDebugLocalResources
> Task :agents:growthmetrics:tasker:generateDebugRFile
> Task :cascade:datastream:routing:generateDebugRFile
> Task :aura:reactivedesign:chromacore:parseDebugLocalResources
> Task :genesis:oracledrive:parseDebugLocalResources
> Task :aura:reactivedesign:auraslab:generateDebugRFile
> Task :genesis:oracledrive:datavein:parseDebugLocalResources
> Task :aura:reactivedesign:customization:generateDebugRFile
> Task :kai:sentinelsfortress:systemintegrity:parseDebugLocalResources FROM-CACHE
> Task :genesis:oracledrive:rootmanagement:parseDebugLocalResources
> Task :cascade:datastream:taskmanager:generateDebugRFile
> Task :kai:sentinelsfortress:threatmonitor:parseDebugLocalResources FROM-CACHE
> Task :kai:sentinelsfortress:security:parseDebugLocalResources
> Task :aura:reactivedesign:chromacore:generateDebugRFile
> Task :aura:reactivedesign:collabcanvas:generateDebugRFile
> Task :genesis:oracledrive:datavein:generateDebugRFile
> Task :kai:sentinelsfortress:threatmonitor:generateDebugRFile
> Task :genesis:oracledrive:rootmanagement:generateDebugRFile
> Task :genesis:oracledrive:generateDebugRFile
> Task :kai:sentinelsfortress:systemintegrity:generateDebugRFile
> Task :kai:sentinelsfortress:security:generateDebugRFile
> Task :agents:growthmetrics:nexusmemory:generateDebugBuildConfig
> Task :aura:reactivedesign:auraslab:generateDebugBuildConfig
> Task :cascade:datastream:routing:generateDebugBuildConfig
> Task :agents:growthmetrics:metareflection:javaPreCompileDebug
> Task :agents:growthmetrics:progression:javaPreCompileDebug
> Task :agents:growthmetrics:tasker:javaPreCompileDebug
> Task :aura:reactivedesign:chromacore:javaPreCompileDebug
> Task :cascade:datastream:delivery:javaPreCompileDebug
> Task :agents:growthmetrics:spheregrid:javaPreCompileDebug
> Task :agents:growthmetrics:metareflection:compileDebugJavaWithJavac NO-SOURCE
> Task :aura:reactivedesign:customization:javaPreCompileDebug
> Task :agents:growthmetrics:identity:javaPreCompileDebug
> Task :genesis:oracledrive:javaPreCompileDebug
> Task :cascade:datastream:routing:javaPreCompileDebug
> Task :cascade:datastream:taskmanager:javaPreCompileDebug
> Task :aura:reactivedesign:customization:compileDebugJavaWithJavac NO-SOURCE
> Task :aura:reactivedesign:collabcanvas:javaPreCompileDebug
> Task :agents:growthmetrics:identity:compileDebugJavaWithJavac NO-SOURCE
> Task :genesis:javaPreCompileDebug
> Task :kai:sentinelsfortress:threatmonitor:javaPreCompileDebug FROM-CACHE
> Task :agents:growthmetrics:identity:bundleLibCompileToJarDebug
> Task :aura:reactivedesign:customization:bundleLibCompileToJarDebug
> Task :genesis:oracledrive:datavein:generateDebugBuildConfig
> Task :kai:sentinelsfortress:security:generateDebugBuildConfig
> Task :kai:sentinelsfortress:systemintegrity:generateDebugBuildConfig
> Task :agents:growthmetrics:metareflection:bundleLibCompileToJarDebug
> Task :kai:sentinelsfortress:security:javaPreCompileDebug FROM-CACHE
> Task :genesis:oracledrive:datavein:javaPreCompileDebug FROM-CACHE
> Task :kai:sentinelsfortress:systemintegrity:javaPreCompileDebug FROM-CACHE
> Task :agents:growthmetrics:spheregrid:compileDebugJavaWithJavac NO-SOURCE
> Task :agents:growthmetrics:spheregrid:bundleLibCompileToJarDebug
> Task :agents:growthmetrics:progression:compileDebugJavaWithJavac NO-SOURCE
> Task :agents:growthmetrics:progression:bundleLibCompileToJarDebug
> Task :genesis:oracledrive:rootmanagement:javaPreCompileDebug
> Task :genesis:oracledrive:rootmanagement:compileDebugJavaWithJavac NO-SOURCE
> Task :aura:reactivedesign:auraslab:javaPreCompileDebug
> Task :agents:growthmetrics:nexusmemory:javaPreCompileDebug
> Task :aura:reactivedesign:collabcanvas:compileDebugJavaWithJavac
> Task :genesis:oracledrive:compileDebugJavaWithJavac
> Task :genesis:oracledrive:datavein:compileDebugJavaWithJavac
> Task :agents:growthmetrics:nexusmemory:compileDebugJavaWithJavac
> Task :kai:sentinelsfortress:security:compileDebugJavaWithJavac
> Task :cascade:datastream:routing:compileDebugJavaWithJavac
> Task :kai:sentinelsfortress:systemintegrity:compileDebugJavaWithJavac
> Task :aura:reactivedesign:auraslab:compileDebugJavaWithJavac
> Task :aura:reactivedesign:chromacore:compileDebugJavaWithJavac
> Task :aura:reactivedesign:chromacore:transformDebugClassesWithAsm
> Task :genesis:oracledrive:rootmanagement:transformDebugClassesWithAsm
> Task :genesis:oracledrive:datavein:transformDebugClassesWithAsm
> Task :aura:reactivedesign:chromacore:bundleLibCompileToJarDebug
> Task :aura:reactivedesign:auraslab:transformDebugClassesWithAsm
> Task :genesis:oracledrive:rootmanagement:bundleLibCompileToJarDebug
> Task :agents:growthmetrics:nexusmemory:transformDebugClassesWithAsm
> Task :agents:growthmetrics:nexusmemory:bundleLibCompileToJarDebug
> Task :genesis:oracledrive:datavein:bundleLibCompileToJarDebug
> Task :aura:reactivedesign:auraslab:bundleLibCompileToJarDebug
> Task :aura:reactivedesign:collabcanvas:transformDebugClassesWithAsm
> Task :aura:reactivedesign:collabcanvas:bundleLibCompileToJarDebug
> Task :genesis:compileDebugJavaWithJavac
> Task :cascade:datastream:routing:transformDebugClassesWithAsm
> Task :cascade:datastream:routing:bundleLibRuntimeToJarDebug
> Task :cascade:datastream:routing:bundleLibCompileToJarDebug
> Task :genesis:oracledrive:transformDebugClassesWithAsm
> Task :kai:sentinelsfortress:systemintegrity:transformDebugClassesWithAsm
> Task :genesis:oracledrive:bundleLibCompileToJarDebug
> Task :kai:sentinelsfortress:systemintegrity:bundleLibCompileToJarDebug
> Task :cascade:datastream:delivery:compileDebugJavaWithJavac
> Task :kai:sentinelsfortress:security:transformDebugClassesWithAsm
> Task :kai:sentinelsfortress:security:bundleLibCompileToJarDebug
> Task :kai:sentinelsfortress:threatmonitor:compileDebugJavaWithJavac NO-SOURCE
> Task :kai:sentinelsfortress:threatmonitor:bundleLibCompileToJarDebug
> Task :cascade:datastream:taskmanager:compileDebugJavaWithJavac
> Task :cascade:datastream:delivery:transformDebugClassesWithAsm
> Task :cascade:datastream:delivery:bundleLibCompileToJarDebug
> Task :genesis:transformDebugClassesWithAsm
> Task :genesis:bundleLibCompileToJarDebug
> Task :cascade:datastream:taskmanager:transformDebugClassesWithAsm
> Task :cascade:datastream:taskmanager:bundleLibCompileToJarDebug
> Task :agents:growthmetrics:tasker:compileDebugJavaWithJavac NO-SOURCE
> Task :agents:growthmetrics:tasker:bundleLibCompileToJarDebug
> Task :app:dataBindingMergeDependencyArtifactsDebug
> Task :app:generateDebugResources
> Task :app:compileDebugAidl
> Task :app:packageDebugResources
> Task :app:processDebugNavigationResources
> Task :app:generateDebugBuildConfig
> Task :app:parseDebugLocalResources
> Task :app:generateDebugRFile
> Task :app:mergeDebugResources
> Task :app:dataBindingGenBaseClassesDebug
> Task :app:kspDebugKotlin
e: [ksp] InjectProcessingStep was unable to process 'GenKitMasterAgent(android.content.Context,dev.aurakai.auraframefx.ai.context.ContextManager,GenesisAgent,dev.aurakai.auraframefx.aura.AuraAgent,dev.aurakai.auraframefx.kai.KaiAgent,java.lang.String)' because 'GenesisAgent' could not be resolved.

Dependency trace:
    => element (CLASS): dev.aurakai.auraframefx.agents.GenKitMasterAgent
    => element (CONSTRUCTOR): GenKitMasterAgent(android.content.Context,dev.aurakai.auraframefx.ai.context.ContextManager,GenesisAgent,dev.aurakai.auraframefx.aura.AuraAgent,dev.aurakai.auraframefx.kai.KaiAgent,java.lang.String)
    => type (EXECUTABLE constructor): (android.content.Context,dev.aurakai.auraframefx.ai.context.ContextManager,GenesisAgent,dev.aurakai.auraframefx.aura.AuraAgent,dev.aurakai.auraframefx.kai.KaiAgent,java.lang.String)void
    => type (ERROR parameter type): GenesisAgent

If type 'GenesisAgent' is a generated type, check above for compilation errors that may have prevented the type from being generated. Otherwise, ensure that type 'GenesisAgent' is on your classpath.
e: [ksp] InjectProcessingStep was unable to process 'PersistentMemoryManager(NexusMemoryRepository)' because 'NexusMemoryRepository' could not be resolved.

Dependency trace:
    => element (CLASS): dev.aurakai.auraframefx.ai.memory.PersistentMemoryManager
    => element (CONSTRUCTOR): PersistentMemoryManager(NexusMemoryRepository)
    => type (EXECUTABLE constructor): (NexusMemoryRepository)void
    => type (ERROR parameter type): NexusMemoryRepository

If type 'NexusMemoryRepository' is a generated type, check above for compilation errors that may have prevented the type from being generated. Otherwise, ensure that type 'NexusMemoryRepository' is on your classpath.
e: [ksp] InjectProcessingStep was unable to process 'AuraAgent(VertexAIClient,dev.aurakai.auraframefx.oracledrive.genesis.ai.AuraAIService,dev.aurakai.auraframefx.security.SecurityContext,dev.aurakai.auraframefx.ai.context.ContextManager)' because 'VertexAIClient' could not be resolved.

Dependency trace:
    => element (CLASS): dev.aurakai.auraframefx.aura.AuraAgent
    => element (CONSTRUCTOR): AuraAgent(VertexAIClient,dev.aurakai.auraframefx.oracledrive.genesis.ai.AuraAIService,dev.aurakai.auraframefx.security.SecurityContext,dev.aurakai.auraframefx.ai.context.ContextManager)
    => type (EXECUTABLE constructor): (VertexAIClient,dev.aurakai.auraframefx.oracledrive.genesis.ai.AuraAIService,dev.aurakai.auraframefx.security.SecurityContext,dev.aurakai.auraframefx.ai.context.ContextManager)void
    => type (ERROR parameter type): VertexAIClient

If type 'VertexAIClient' is a generated type, check above for compilation errors that may have prevented the type from being generated. Otherwise, ensure that type 'VertexAIClient' is on your classpath.
e: [ksp] InjectProcessingStep was unable to process 'AIPipelineProcessor(GenesisAgent,dev.aurakai.auraframefx.oracledrive.genesis.ai.AuraAIService,dev.aurakai.auraframefx.kai.KaiAIService,dev.aurakai.auraframefx.cascade.CascadeAIService)' because 'GenesisAgent' could not be resolved.

Dependency trace:
    => element (CLASS): dev.aurakai.auraframefx.cascade.pipeline.AIPipelineProcessor
    => element (CONSTRUCTOR): AIPipelineProcessor(GenesisAgent,dev.aurakai.auraframefx.oracledrive.genesis.ai.AuraAIService,dev.aurakai.auraframefx.kai.KaiAIService,dev.aurakai.auraframefx.cascade.CascadeAIService)
    => type (EXECUTABLE constructor): (GenesisAgent,dev.aurakai.auraframefx.oracledrive.genesis.ai.AuraAIService,dev.aurakai.auraframefx.kai.KaiAIService,dev.aurakai.auraframefx.cascade.CascadeAIService)void
    => type (ERROR parameter type): GenesisAgent

If type 'GenesisAgent' is a generated type, check above for compilation errors that may have prevented the type from being generated. Otherwise, ensure that type 'GenesisAgent' is on your classpath.
e: [ksp] InjectProcessingStep was unable to process 'GenesisSecureFileService(android.content.Context,CryptographyManager,SecureStorage)' because 'CryptographyManager' could not be resolved.

Dependency trace:
    => element (CLASS): dev.aurakai.auraframefx.oracle.drive.service.GenesisSecureFileService
    => element (CONSTRUCTOR): GenesisSecureFileService(android.content.Context,CryptographyManager,SecureStorage)
    => type (EXECUTABLE constructor): (android.content.Context,CryptographyManager,SecureStorage)void
    => type (ERROR parameter type): CryptographyManager

If type 'CryptographyManager' is a generated type, check above for compilation errors that may have prevented the type from being generated. Otherwise, ensure that type 'CryptographyManager' is on your classpath.
e: [ksp] InjectProcessingStep was unable to process 'GenesisSecureFileService(android.content.Context,CryptographyManager,dev.aurakai.auraframefx.navigation.SecureStorage)' because 'CryptographyManager' could not be resolved.

Dependency trace:
    => element (CLASS): dev.aurakai.auraframefx.oracledrive.genesis.ai.GenesisSecureFileService
    => element (CONSTRUCTOR): GenesisSecureFileService(android.content.Context,CryptographyManager,dev.aurakai.auraframefx.navigation.SecureStorage)
    => type (EXECUTABLE constructor): (android.content.Context,CryptographyManager,dev.aurakai.auraframefx.navigation.SecureStorage)void
    => type (ERROR parameter type): CryptographyManager

If type 'CryptographyManager' is a generated type, check above for compilation errors that may have prevented the type from being generated. Otherwise, ensure that type 'CryptographyManager' is on your classpath.
e: [ksp] InjectProcessingStep was unable to process 'GenesisSecureFileService(android.content.Context,CryptographyManager,SecureStorage)' because 'CryptographyManager' could not be resolved.

Dependency trace:
    => element (CLASS): dev.aurakai.auraframefx.oracledrive.service.GenesisSecureFileService
    => element (CONSTRUCTOR): GenesisSecureFileService(android.content.Context,CryptographyManager,SecureStorage)
    => type (EXECUTABLE constructor): (android.content.Context,CryptographyManager,SecureStorage)void
    => type (ERROR parameter type): CryptographyManager

If type 'CryptographyManager' is a generated type, check above for compilation errors that may have prevented the type from being generated. Otherwise, ensure that type 'CryptographyManager' is on your classpath.
e: [ksp] InjectProcessingStep was unable to process 'OracleDriveServiceImpl(GenesisAgent,dev.aurakai.auraframefx.aura.AuraAgent,KaiAgent,dev.aurakai.auraframefx.security.SecurityContext,dev.aurakai.auraframefx.oracledrive.api.OracleDriveApi)' because 'GenesisAgent' could not be resolved.

Dependency trace:
    => element (CLASS): dev.aurakai.auraframefx.oracledrive.service.OracleDriveServiceImpl
    => element (CONSTRUCTOR): OracleDriveServiceImpl(GenesisAgent,dev.aurakai.auraframefx.aura.AuraAgent,KaiAgent,dev.aurakai.auraframefx.security.SecurityContext,dev.aurakai.auraframefx.oracledrive.api.OracleDriveApi)
    => type (EXECUTABLE constructor): (GenesisAgent,dev.aurakai.auraframefx.aura.AuraAgent,KaiAgent,dev.aurakai.auraframefx.security.SecurityContext,dev.aurakai.auraframefx.oracledrive.api.OracleDriveApi)void
    => type (ERROR parameter type): GenesisAgent

If type 'GenesisAgent' is a generated type, check above for compilation errors that may have prevented the type from being generated. Otherwise, ensure that type 'GenesisAgent' is on your classpath.
e: [ksp] InjectProcessingStep was unable to process 'HomeScreenTransitionManager(dev.aurakai.auraframefx.system.overlay.SystemOverlayManager,dev.aurakai.auraframefx.system.overlay.ShapeManager,dev.aurakai.auraframefx.system.common.ImageResourceManager,YukiHookModulePrefs,YukiHookServiceManager)' because 'YukiHookModulePrefs' could not be resolved.

Dependency trace:
    => element (CLASS): dev.aurakai.auraframefx.system.homescreen.HomeScreenTransitionManager
    => element (CONSTRUCTOR): HomeScreenTransitionManager(dev.aurakai.auraframefx.system.overlay.SystemOverlayManager,dev.aurakai.auraframefx.system.overlay.ShapeManager,dev.aurakai.auraframefx.system.common.ImageResourceManager,YukiHookModulePrefs,YukiHookServiceManager)
    => type (EXECUTABLE constructor): (dev.aurakai.auraframefx.system.overlay.SystemOverlayManager,dev.aurakai.auraframefx.system.overlay.ShapeManager,dev.aurakai.auraframefx.system.common.ImageResourceManager,YukiHookModulePrefs,YukiHookServiceManager)void
    => type (ERROR parameter type): YukiHookModulePrefs

If type 'YukiHookModulePrefs' is a generated type, check above for compilation errors that may have prevented the type from being generated. Otherwise, ensure that type 'YukiHookModulePrefs' is on your classpath.
e: [ksp] InjectProcessingStep was unable to process 'AgentViewModel(dev.aurakai.auraframefx.core.GenesisOrchestrator,GenesisAgent,dev.aurakai.auraframefx.aura.AuraAgent,dev.aurakai.auraframefx.kai.KaiAgent)' because 'GenesisAgent' could not be resolved.

Dependency trace:
    => element (CLASS): dev.aurakai.auraframefx.ui.viewmodels.AgentViewModel
    => element (CONSTRUCTOR): AgentViewModel(dev.aurakai.auraframefx.core.GenesisOrchestrator,GenesisAgent,dev.aurakai.auraframefx.aura.AuraAgent,dev.aurakai.auraframefx.kai.KaiAgent)
    => type (EXECUTABLE constructor): (dev.aurakai.auraframefx.core.GenesisOrchestrator,GenesisAgent,dev.aurakai.auraframefx.aura.AuraAgent,dev.aurakai.auraframefx.kai.KaiAgent)void
    => type (ERROR parameter type): GenesisAgent

If type 'GenesisAgent' is a generated type, check above for compilation errors that may have prevented the type from being generated. Otherwise, ensure that type 'GenesisAgent' is on your classpath.
e: [ksp] ModuleProcessingStep was unable to process 'dev.aurakai.auraframefx.di.AgentModule' because 'dev.aurakai.auraframefx.oracledrive.genesis.ai.VertexAIClient' could not be resolved.

Dependency trace:
    => element (OBJECT): dev.aurakai.auraframefx.di.AgentModule
    => element (METHOD): provideAuraAgent(dev.aurakai.auraframefx.oracledrive.genesis.ai.VertexAIClient,dev.aurakai.auraframefx.oracledrive.genesis.ai.AuraAIService,dev.aurakai.auraframefx.security.SecurityContext,dev.aurakai.auraframefx.ai.context.ContextManager)
    => element (PARAMETER): vertexAIClient
    => type (ERROR parameter type): dev.aurakai.auraframefx.oracledrive.genesis.ai.VertexAIClient

If type 'dev.aurakai.auraframefx.oracledrive.genesis.ai.VertexAIClient' is a generated type, check above for compilation errors that may have prevented the type from being generated. Otherwise, ensure that type 'dev.aurakai.auraframefx.oracledrive.genesis.ai.VertexAIClient' is on your classpath.
e: [ksp] ModuleProcessingStep was unable to process 'dev.aurakai.auraframefx.di.OracleDriveModule' because 'CryptographyManager' could not be resolved.

Dependency trace:
    => element (CLASS): dev.aurakai.auraframefx.di.OracleDriveModule
    => element (OBJECT): dev.aurakai.auraframefx.di.OracleDriveModule.Companion
    => element (METHOD): provideOkHttpClient(dev.aurakai.auraframefx.security.SecurityContext,CryptographyManager)
    => element (PARAMETER): cryptoManager
    => type (ERROR parameter type): CryptographyManager

If type 'CryptographyManager' is a generated type, check above for compilation errors that may have prevented the type from being generated. Otherwise, ensure that type 'CryptographyManager' is on your classpath.
e: [ksp] ModuleProcessingStep was unable to process 'dev.aurakai.auraframefx.oracledrive.genesis.ai.VertexAIModule' because 'VertexAIClient' could not be resolved.

Dependency trace:
    => element (OBJECT): dev.aurakai.auraframefx.oracledrive.genesis.ai.VertexAIModule
    => element (METHOD): provideVertexAIClient(dev.aurakai.auraframefx.config.VertexAIConfig,android.content.Context,dev.aurakai.auraframefx.security.SecurityContext)
    => type (ERROR return type): VertexAIClient

If type 'VertexAIClient' is a generated type, check above for compilation errors that may have prevented the type from being generated. Otherwise, ensure that type 'VertexAIClient' is on your classpath.
e: [ksp] ModuleProcessingStep was unable to process 'dev.aurakai.auraframefx.oracledrive.genesis.OracleDriveModule' because 'CryptographyManager' could not be resolved.

Dependency trace:
    => element (CLASS): dev.aurakai.auraframefx.oracledrive.genesis.OracleDriveModule
    => element (OBJECT): dev.aurakai.auraframefx.oracledrive.genesis.OracleDriveModule.Companion
    => element (METHOD): securityInterceptor(dev.aurakai.auraframefx.security.SecurityContext,CryptographyManager)
    => element (PARAMETER): cryptoManager
    => type (ERROR parameter type): CryptographyManager

If type 'CryptographyManager' is a generated type, check above for compilation errors that may have prevented the type from being generated. Otherwise, ensure that type 'CryptographyManager' is on your classpath.
e: [ksp] BindingMethodProcessingStep was unable to process 'provideMemoryManager()' because 'dev.aurakai.auraframefx.oracledrive.genesis.ai.VertexAIClient' could not be resolved.

Dependency trace:
    => element (OBJECT): dev.aurakai.auraframefx.di.AgentModule
    => element (METHOD): provideAuraAgent(dev.aurakai.auraframefx.oracledrive.genesis.ai.VertexAIClient,dev.aurakai.auraframefx.oracledrive.genesis.ai.AuraAIService,dev.aurakai.auraframefx.security.SecurityContext,dev.aurakai.auraframefx.ai.context.ContextManager)
    => element (PARAMETER): vertexAIClient
    => type (ERROR parameter type): dev.aurakai.auraframefx.oracledrive.genesis.ai.VertexAIClient

If type 'dev.aurakai.auraframefx.oracledrive.genesis.ai.VertexAIClient' is a generated type, check above for compilation errors that may have prevented the type from being generated. Otherwise, ensure that type 'dev.aurakai.auraframefx.oracledrive.genesis.ai.VertexAIClient' is on your classpath.
e: [ksp] BindingMethodProcessingStep was unable to process 'provideContextManager(dev.aurakai.auraframefx.ai.memory.MemoryManager)' because 'dev.aurakai.auraframefx.oracledrive.genesis.ai.VertexAIClient' could not be resolved.

Dependency trace:
    => element (OBJECT): dev.aurakai.auraframefx.di.AgentModule
    => element (METHOD): provideAuraAgent(dev.aurakai.auraframefx.oracledrive.genesis.ai.VertexAIClient,dev.aurakai.auraframefx.oracledrive.genesis.ai.AuraAIService,dev.aurakai.auraframefx.security.SecurityContext,dev.aurakai.auraframefx.ai.context.ContextManager)
    => element (PARAMETER): vertexAIClient
    => type (ERROR parameter type): dev.aurakai.auraframefx.oracledrive.genesis.ai.VertexAIClient

If type 'dev.aurakai.auraframefx.oracledrive.genesis.ai.VertexAIClient' is a generated type, check above for compilation errors that may have prevented the type from being generated. Otherwise, ensure that type 'dev.aurakai.auraframefx.oracledrive.genesis.ai.VertexAIClient' is on your classpath.
e: [ksp] BindingMethodProcessingStep was unable to process 'provideAuraAgent(dev.aurakai.auraframefx.oracledrive.genesis.ai.VertexAIClient,dev.aurakai.auraframefx.oracledrive.genesis.ai.AuraAIService,dev.aurakai.auraframefx.security.SecurityContext,dev.aurakai.auraframefx.ai.context.ContextManager)' because 'dev.aurakai.auraframefx.oracledrive.genesis.ai.VertexAIClient' could not be resolved.

Dependency trace:
    => element (OBJECT): dev.aurakai.auraframefx.di.AgentModule
    => element (METHOD): provideAuraAgent(dev.aurakai.auraframefx.oracledrive.genesis.ai.VertexAIClient,dev.aurakai.auraframefx.oracledrive.genesis.ai.AuraAIService,dev.aurakai.auraframefx.security.SecurityContext,dev.aurakai.auraframefx.ai.context.ContextManager)
    => element (PARAMETER): vertexAIClient
    => type (ERROR parameter type): dev.aurakai.auraframefx.oracledrive.genesis.ai.VertexAIClient

If type 'dev.aurakai.auraframefx.oracledrive.genesis.ai.VertexAIClient' is a generated type, check above for compilation errors that may have prevented the type from being generated. Otherwise, ensure that type 'dev.aurakai.auraframefx.oracledrive.genesis.ai.VertexAIClient' is on your classpath.
e: [ksp] BindingMethodProcessingStep was unable to process 'provideKaiAgent(dev.aurakai.auraframefx.oracledrive.genesis.ai.VertexAIClient,dev.aurakai.auraframefx.ai.context.ContextManager,dev.aurakai.auraframefx.security.SecurityContext,dev.aurakai.auraframefx.system.monitor.SystemMonitor)' because 'dev.aurakai.auraframefx.oracledrive.genesis.ai.VertexAIClient' could not be resolved.

Dependency trace:
    => element (OBJECT): dev.aurakai.auraframefx.di.AgentModule
    => element (METHOD): provideAuraAgent(dev.aurakai.auraframefx.oracledrive.genesis.ai.VertexAIClient,dev.aurakai.auraframefx.oracledrive.genesis.ai.AuraAIService,dev.aurakai.auraframefx.security.SecurityContext,dev.aurakai.auraframefx.ai.context.ContextManager)
    => element (PARAMETER): vertexAIClient
    => type (ERROR parameter type): dev.aurakai.auraframefx.oracledrive.genesis.ai.VertexAIClient

If type 'dev.aurakai.auraframefx.oracledrive.genesis.ai.VertexAIClient' is a generated type, check above for compilation errors that may have prevented the type from being generated. Otherwise, ensure that type 'dev.aurakai.auraframefx.oracledrive.genesis.ai.VertexAIClient' is on your classpath.
e: [ksp] BindingMethodProcessingStep was unable to process 'provideOkHttpClient(dev.aurakai.auraframefx.security.SecurityContext,CryptographyManager)' because 'CryptographyManager' could not be resolved.

Dependency trace:
    => element (OBJECT): dev.aurakai.auraframefx.di.OracleDriveModule.Companion
    => element (METHOD): provideOkHttpClient(dev.aurakai.auraframefx.security.SecurityContext,CryptographyManager)
    => element (PARAMETER): cryptoManager
    => type (ERROR parameter type): CryptographyManager

If type 'CryptographyManager' is a generated type, check above for compilation errors that may have prevented the type from being generated. Otherwise, ensure that type 'CryptographyManager' is on your classpath.
e: [ksp] BindingMethodProcessingStep was unable to process 'provideGenesisCryptographyManager(android.content.Context)' because 'CryptographyManager' could not be resolved.

Dependency trace:
    => element (OBJECT): dev.aurakai.auraframefx.di.OracleDriveModule.Companion
    => element (METHOD): provideOkHttpClient(dev.aurakai.auraframefx.security.SecurityContext,CryptographyManager)
    => element (PARAMETER): cryptoManager
    => type (ERROR parameter type): CryptographyManager

If type 'CryptographyManager' is a generated type, check above for compilation errors that may have prevented the type from being generated. Otherwise, ensure that type 'CryptographyManager' is on your classpath.
e: [ksp] BindingMethodProcessingStep was unable to process 'provideSecureStorage(android.content.Context,CryptographyManager)' because 'CryptographyManager' could not be resolved.

Dependency trace:
    => element (OBJECT): dev.aurakai.auraframefx.di.OracleDriveModule.Companion
    => element (METHOD): provideOkHttpClient(dev.aurakai.auraframefx.security.SecurityContext,CryptographyManager)
    => element (PARAMETER): cryptoManager
    => type (ERROR parameter type): CryptographyManager

If type 'CryptographyManager' is a generated type, check above for compilation errors that may have prevented the type from being generated. Otherwise, ensure that type 'CryptographyManager' is on your classpath.
e: [ksp] BindingMethodProcessingStep was unable to process 'provideSecureFileService(android.content.Context,CryptographyManager,SecureStorage)' because 'CryptographyManager' could not be resolved.

Dependency trace:
    => element (OBJECT): dev.aurakai.auraframefx.di.OracleDriveModule.Companion
    => element (METHOD): provideOkHttpClient(dev.aurakai.auraframefx.security.SecurityContext,CryptographyManager)
    => element (PARAMETER): cryptoManager
    => type (ERROR parameter type): CryptographyManager

If type 'CryptographyManager' is a generated type, check above for compilation errors that may have prevented the type from being generated. Otherwise, ensure that type 'CryptographyManager' is on your classpath.
e: [ksp] BindingMethodProcessingStep was unable to process 'provideOracleDriveApi(okhttp3.OkHttpClient,dev.aurakai.auraframefx.security.SecurityContext)' because 'CryptographyManager' could not be resolved.

Dependency trace:
    => element (OBJECT): dev.aurakai.auraframefx.di.OracleDriveModule.Companion
    => element (METHOD): provideOkHttpClient(dev.aurakai.auraframefx.security.SecurityContext,CryptographyManager)
    => element (PARAMETER): cryptoManager
    => type (ERROR parameter type): CryptographyManager

If type 'CryptographyManager' is a generated type, check above for compilation errors that may have prevented the type from being generated. Otherwise, ensure that type 'CryptographyManager' is on your classpath.
e: [ksp] BindingMethodProcessingStep was unable to process 'provideOracleDriveService(GenesisAgent,dev.aurakai.auraframefx.aura.AuraAgent,KaiAgent,dev.aurakai.auraframefx.security.SecurityContext,dev.aurakai.auraframefx.oracledrive.api.OracleDriveApi)' because 'CryptographyManager' could not be resolved.

Dependency trace:
    => element (OBJECT): dev.aurakai.auraframefx.di.OracleDriveModule.Companion
    => element (METHOD): provideOkHttpClient(dev.aurakai.auraframefx.security.SecurityContext,CryptographyManager)
    => element (PARAMETER): cryptoManager
    => type (ERROR parameter type): CryptographyManager

If type 'CryptographyManager' is a generated type, check above for compilation errors that may have prevented the type from being generated. Otherwise, ensure that type 'CryptographyManager' is on your classpath.
e: [ksp] BindingMethodProcessingStep was unable to process 'provideVertexAIConfig()' because 'VertexAIClient' could not be resolved.

Dependency trace:
    => element (OBJECT): dev.aurakai.auraframefx.oracledrive.genesis.ai.VertexAIModule
    => element (METHOD): provideVertexAIClient(dev.aurakai.auraframefx.config.VertexAIConfig,android.content.Context,dev.aurakai.auraframefx.security.SecurityContext)
    => type (ERROR return type): VertexAIClient

If type 'VertexAIClient' is a generated type, check above for compilation errors that may have prevented the type from being generated. Otherwise, ensure that type 'VertexAIClient' is on your classpath.
e: [ksp] BindingMethodProcessingStep was unable to process 'provideVertexAIClient(dev.aurakai.auraframefx.config.VertexAIConfig,android.content.Context,dev.aurakai.auraframefx.security.SecurityContext)' because 'VertexAIClient' could not be resolved.

Dependency trace:
    => element (OBJECT): dev.aurakai.auraframefx.oracledrive.genesis.ai.VertexAIModule
    => element (METHOD): provideVertexAIClient(dev.aurakai.auraframefx.config.VertexAIConfig,android.content.Context,dev.aurakai.auraframefx.security.SecurityContext)
    => type (ERROR return type): VertexAIClient

If type 'VertexAIClient' is a generated type, check above for compilation errors that may have prevented the type from being generated. Otherwise, ensure that type 'VertexAIClient' is on your classpath.
e: [ksp] BindingMethodProcessingStep was unable to process 'provideGenesisCryptographyManager(android.content.Context)' because 'CryptographyManager' could not be resolved.

Dependency trace:
    => element (OBJECT): dev.aurakai.auraframefx.oracledrive.genesis.OracleDriveModule.Companion
    => element (METHOD): securityInterceptor(dev.aurakai.auraframefx.security.SecurityContext,CryptographyManager)
    => element (PARAMETER): cryptoManager
    => type (ERROR parameter type): CryptographyManager

If type 'CryptographyManager' is a generated type, check above for compilation errors that may have prevented the type from being generated. Otherwise, ensure that type 'CryptographyManager' is on your classpath.
e: [ksp] BindingMethodProcessingStep was unable to process 'provideSecureStorage(android.content.Context,CryptographyManager)' because 'CryptographyManager' could not be resolved.

Dependency trace:
    => element (OBJECT): dev.aurakai.auraframefx.oracledrive.genesis.OracleDriveModule.Companion
    => element (METHOD): securityInterceptor(dev.aurakai.auraframefx.security.SecurityContext,CryptographyManager)
    => element (PARAMETER): cryptoManager
    => type (ERROR parameter type): CryptographyManager

If type 'CryptographyManager' is a generated type, check above for compilation errors that may have prevented the type from being generated. Otherwise, ensure that type 'CryptographyManager' is on your classpath.
e: [ksp] BindingMethodProcessingStep was unable to process 'provideSecureFileService(android.content.Context,CryptographyManager,dev.aurakai.auraframefx.navigation.SecureStorage)' because 'CryptographyManager' could not be resolved.

Dependency trace:
    => element (OBJECT): dev.aurakai.auraframefx.oracledrive.genesis.OracleDriveModule.Companion
    => element (METHOD): securityInterceptor(dev.aurakai.auraframefx.security.SecurityContext,CryptographyManager)
    => element (PARAMETER): cryptoManager
    => type (ERROR parameter type): CryptographyManager

If type 'CryptographyManager' is a generated type, check above for compilation errors that may have prevented the type from being generated. Otherwise, ensure that type 'CryptographyManager' is on your classpath.
e: [ksp] BindingMethodProcessingStep was unable to process 'provideOracleDriveApi(dev.aurakai.auraframefx.security.SecurityContext,CryptographyManager)' because 'CryptographyManager' could not be resolved.

Dependency trace:
    => element (OBJECT): dev.aurakai.auraframefx.oracledrive.genesis.OracleDriveModule.Companion
    => element (METHOD): securityInterceptor(dev.aurakai.auraframefx.security.SecurityContext,CryptographyManager)
    => element (PARAMETER): cryptoManager
    => type (ERROR parameter type): CryptographyManager

If type 'CryptographyManager' is a generated type, check above for compilation errors that may have prevented the type from being generated. Otherwise, ensure that type 'CryptographyManager' is on your classpath.
e: [ksp] BindingMethodProcessingStep was unable to process 'provideOracleDriveService(GenesisAgent,dev.aurakai.auraframefx.aura.AuraAgent,dev.aurakai.auraframefx.kai.KaiAgent,dev.aurakai.auraframefx.security.SecurityContext,dev.aurakai.auraframefx.oracledrive.genesis.cloud.OracleDriveApi)' because 'CryptographyManager' could not be resolved.

Dependency trace:
    => element (OBJECT): dev.aurakai.auraframefx.oracledrive.genesis.OracleDriveModule.Companion
    => element (METHOD): securityInterceptor(dev.aurakai.auraframefx.security.SecurityContext,CryptographyManager)
    => element (PARAMETER): cryptoManager
    => type (ERROR parameter type): CryptographyManager

If type 'CryptographyManager' is a generated type, check above for compilation errors that may have prevented the type from being generated. Otherwise, ensure that type 'CryptographyManager' is on your classpath.
e: [ksp] BindingMethodProcessingStep was unable to process 'bindSecureFileService(dev.aurakai.auraframefx.oracledrive.service.GenesisSecureFileService)' because 'CryptographyManager' could not be resolved.

Dependency trace:
    => element (CLASS): dev.aurakai.auraframefx.di.OracleDriveModule
    => element (OBJECT): dev.aurakai.auraframefx.di.OracleDriveModule.Companion
    => element (METHOD): provideOkHttpClient(dev.aurakai.auraframefx.security.SecurityContext,CryptographyManager)
    => element (PARAMETER): cryptoManager
    => type (ERROR parameter type): CryptographyManager

If type 'CryptographyManager' is a generated type, check above for compilation errors that may have prevented the type from being generated. Otherwise, ensure that type 'CryptographyManager' is on your classpath.
e: [ksp] BindingMethodProcessingStep was unable to process 'bindSecureFileService(dev.aurakai.auraframefx.oracledrive.genesis.ai.GenesisSecureFileService)' because 'CryptographyManager' could not be resolved.

Dependency trace:
    => element (CLASS): dev.aurakai.auraframefx.oracledrive.genesis.OracleDriveModule
    => element (OBJECT): dev.aurakai.auraframefx.oracledrive.genesis.OracleDriveModule.Companion
    => element (METHOD): securityInterceptor(dev.aurakai.auraframefx.security.SecurityContext,CryptographyManager)
    => element (PARAMETER): cryptoManager
    => type (ERROR parameter type): CryptographyManager

If type 'CryptographyManager' is a generated type, check above for compilation errors that may have prevented the type from being generated. Otherwise, ensure that type 'CryptographyManager' is on your classpath.
e: [ksp] BindingMethodProcessingStep was unable to process 'bindOracleDriveService(dev.aurakai.auraframefx.oracledrive.OracleDriveServiceImpl)' because 'CryptographyManager' could not be resolved.

Dependency trace:
    => element (CLASS): dev.aurakai.auraframefx.oracledrive.genesis.OracleDriveModule
    => element (OBJECT): dev.aurakai.auraframefx.oracledrive.genesis.OracleDriveModule.Companion
    => element (METHOD): securityInterceptor(dev.aurakai.auraframefx.security.SecurityContext,CryptographyManager)
    => element (PARAMETER): cryptoManager
    => type (ERROR parameter type): CryptographyManager

If type 'CryptographyManager' is a generated type, check above for compilation errors that may have prevented the type from being generated. Otherwise, ensure that type 'CryptographyManager' is on your classpath.
e: [ksp] BindingMethodProcessingStep was unable to process 'bindCloudStorageProvider(dev.aurakai.auraframefx.oracledrive.genesis.cloud.CloudStorageProviderImpl)' because 'CryptographyManager' could not be resolved.

Dependency trace:
    => element (CLASS): dev.aurakai.auraframefx.oracledrive.genesis.OracleDriveModule
    => element (OBJECT): dev.aurakai.auraframefx.oracledrive.genesis.OracleDriveModule.Companion
    => element (METHOD): securityInterceptor(dev.aurakai.auraframefx.security.SecurityContext,CryptographyManager)
    => element (PARAMETER): cryptoManager
    => type (ERROR parameter type): CryptographyManager

If type 'CryptographyManager' is a generated type, check above for compilation errors that may have prevented the type from being generated. Otherwise, ensure that type 'CryptographyManager' is on your classpath.

> Task :app:kspDebugKotlin FAILED

[Incubating] Problems report is available at: file:///C:/Final/A.u.r.a.K.a.i-Reactive_Intelligence-/build/reports/problems/problems-report.html

FAILURE: Build failed with an exception.

* What went wrong:
Execution failed for task ':app:kspDebugKotlin'.
> A failure occurred while executing com.google.devtools.ksp.gradle.KspAAWorkerAction
   > KSP failed with exit code: PROCESSING_ERROR

* Try:
> Run with --stacktrace option to get the stack trace.
> Run with --info or --debug option to get more log output.
> Run with --scan to get full insights from a Build Scan (powered by Develocity).
> Get more help at https://help.gradle.org.

BUILD FAILED in 2m 20s
194 actionable tasks: 168 executed, 21 from cache, 5 up-to-date
