Configuration on demand is an incubating feature.

> Configure project :app
WARNING: The option setting 'android.builtInKotlin=false' is deprecated.
The current default is 'true'.
It will be removed in version 10.0 of the Android Gradle plugin.
WARNING: The option setting 'android.newDsl=false' is deprecated.
The current default is 'true'.
It will be removed in version 10.0 of the Android Gradle plugin.

> Task :build-logic:checkKotlinGradlePluginConfigurationErrors SKIPPED
> Task :build-logic:compileKotlin UP-TO-DATE
> Task :build-logic:compileJava NO-SOURCE
> Task :build-logic:pluginDescriptors UP-TO-DATE
> Task :build-logic:processResources UP-TO-DATE
> Task :build-logic:classes UP-TO-DATE
> Task :build-logic:jar UP-TO-DATE
> Task :genesis:oracledrive:preBuild UP-TO-DATE
> Task :aura:reactivedesign:collabcanvas:preBuild UP-TO-DATE
> Task :kai:sentinelsfortress:systemintegrity:preBuild UP-TO-DATE
> Task :agents:growthmetrics:metareflection:preBuild UP-TO-DATE
> Task :cascade:datastream:routing:preBuild UP-TO-DATE
> Task :agents:growthmetrics:nexusmemory:preBuild UP-TO-DATE
> Task :cascade:datastream:delivery:preBuild UP-TO-DATE
> Task :genesis:oracledrive:datavein:preBuild UP-TO-DATE
> Task :aura:reactivedesign:chromacore:preBuild UP-TO-DATE
> Task :cascade:datastream:taskmanager:preBuild UP-TO-DATE
> Task :genesis:oracledrive:preDebugBuild UP-TO-DATE
> Task :agents:growthmetrics:spheregrid:preBuild UP-TO-DATE
> Task :agents:growthmetrics:identity:preBuild UP-TO-DATE
> Task :kai:sentinelsfortress:security:preBuild UP-TO-DATE
> Task :agents:growthmetrics:progression:preBuild UP-TO-DATE
> Task :aura:reactivedesign:auraslab:preBuild UP-TO-DATE
> Task :cascade:datastream:delivery:preDebugBuild UP-TO-DATE
> Task :cascade:datastream:taskmanager:preDebugBuild UP-TO-DATE
> Task :genesis:oracledrive:datavein:preDebugBuild UP-TO-DATE
> Task :kai:sentinelsfortress:security:preDebugBuild UP-TO-DATE
> Task :kai:sentinelsfortress:systemintegrity:preDebugBuild UP-TO-DATE
> Task :cascade:datastream:routing:preDebugBuild UP-TO-DATE
> Task :agents:growthmetrics:nexusmemory:preDebugBuild UP-TO-DATE
> Task :aura:reactivedesign:collabcanvas:preDebugBuild UP-TO-DATE
> Task :agents:growthmetrics:metareflection:preDebugBuild UP-TO-DATE
> Task :agents:growthmetrics:progression:preDebugBuild UP-TO-DATE
> Task :aura:reactivedesign:chromacore:preDebugBuild UP-TO-DATE
> Task :agents:growthmetrics:identity:preDebugBuild UP-TO-DATE
> Task :aura:reactivedesign:auraslab:preDebugBuild UP-TO-DATE
> Task :genesis:oracledrive:compileDebugAidl NO-SOURCE
> Task :kai:sentinelsfortress:security:compileDebugAidl NO-SOURCE
> Task :cascade:datastream:routing:compileDebugAidl NO-SOURCE
> Task :agents:growthmetrics:tasker:preBuild UP-TO-DATE
> Task :aura:reactivedesign:customization:preBuild UP-TO-DATE
> Task :agents:growthmetrics:metareflection:generateDebugResources UP-TO-DATE
> Task :agents:growthmetrics:tasker:preDebugBuild UP-TO-DATE
> Task :agents:growthmetrics:progression:generateDebugResources UP-TO-DATE
> Task :kai:sentinelsfortress:systemintegrity:compileDebugAidl NO-SOURCE
> Task :agents:growthmetrics:identity:generateDebugResources UP-TO-DATE
> Task :aura:reactivedesign:customization:preDebugBuild UP-TO-DATE
> Task :aura:reactivedesign:collabcanvas:compileDebugAidl NO-SOURCE
> Task :aura:reactivedesign:chromacore:compileDebugAidl NO-SOURCE
> Task :genesis:oracledrive:generateDebugResources UP-TO-DATE
> Task :agents:growthmetrics:tasker:generateDebugResources UP-TO-DATE
> Task :aura:reactivedesign:auraslab:compileDebugAidl NO-SOURCE
> Task :aura:reactivedesign:customization:generateDebugResources UP-TO-DATE
> Task :agents:growthmetrics:spheregrid:preDebugBuild UP-TO-DATE
> Task :aura:reactivedesign:collabcanvas:generateDebugResources UP-TO-DATE
> Task :agents:growthmetrics:spheregrid:generateDebugResources UP-TO-DATE
> Task :cascade:datastream:routing:generateDebugResources UP-TO-DATE
> Task :aura:reactivedesign:auraslab:generateDebugResources UP-TO-DATE
> Task :aura:reactivedesign:chromacore:generateDebugResources UP-TO-DATE
> Task :agents:growthmetrics:progression:packageDebugResources UP-TO-DATE
> Task :agents:growthmetrics:metareflection:packageDebugResources UP-TO-DATE
> Task :cascade:datastream:delivery:compileDebugAidl NO-SOURCE
> Task :agents:growthmetrics:identity:packageDebugResources UP-TO-DATE
> Task :genesis:oracledrive:rootmanagement:preBuild UP-TO-DATE
> Task :genesis:oracledrive:rootmanagement:preDebugBuild UP-TO-DATE
> Task :agents:growthmetrics:tasker:packageDebugResources UP-TO-DATE
> Task :aura:reactivedesign:customization:packageDebugResources UP-TO-DATE
> Task :kai:sentinelsfortress:security:generateDebugResources UP-TO-DATE
> Task :kai:sentinelsfortress:systemintegrity:generateDebugResources UP-TO-DATE
> Task :aura:reactivedesign:collabcanvas:packageDebugResources UP-TO-DATE
> Task :cascade:datastream:delivery:generateDebugResources UP-TO-DATE
> Task :genesis:oracledrive:rootmanagement:generateDebugResources UP-TO-DATE
> Task :kai:sentinelsfortress:threatmonitor:preBuild UP-TO-DATE
> Task :kai:sentinelsfortress:threatmonitor:preDebugBuild UP-TO-DATE
> Task :genesis:oracledrive:packageDebugResources UP-TO-DATE
> Task :agents:growthmetrics:identity:processDebugNavigationResources UP-TO-DATE
> Task :aura:reactivedesign:auraslab:packageDebugResources UP-TO-DATE
> Task :agents:growthmetrics:spheregrid:packageDebugResources UP-TO-DATE
> Task :aura:reactivedesign:chromacore:packageDebugResources UP-TO-DATE
> Task :agents:growthmetrics:metareflection:processDebugNavigationResources UP-TO-DATE
> Task :kai:sentinelsfortress:threatmonitor:generateDebugResources UP-TO-DATE
> Task :cascade:datastream:routing:packageDebugResources UP-TO-DATE
> Task :agents:growthmetrics:progression:processDebugNavigationResources UP-TO-DATE
> Task :genesis:oracledrive:processDebugNavigationResources UP-TO-DATE
> Task :agents:growthmetrics:spheregrid:processDebugNavigationResources UP-TO-DATE
> Task :cascade:datastream:taskmanager:compileDebugAidl NO-SOURCE
> Task :agents:growthmetrics:tasker:processDebugNavigationResources UP-TO-DATE
> Task :kai:sentinelsfortress:security:packageDebugResources UP-TO-DATE
> Task :aura:reactivedesign:chromacore:processDebugNavigationResources UP-TO-DATE
> Task :aura:reactivedesign:collabcanvas:processDebugNavigationResources UP-TO-DATE
> Task :aura:reactivedesign:customization:processDebugNavigationResources UP-TO-DATE
> Task :cascade:datastream:routing:processDebugNavigationResources UP-TO-DATE
> Task :kai:sentinelsfortress:systemintegrity:packageDebugResources UP-TO-DATE
> Task :kai:sentinelsfortress:security:processDebugNavigationResources UP-TO-DATE
> Task :agents:growthmetrics:nexusmemory:compileDebugAidl NO-SOURCE
> Task :cascade:datastream:delivery:packageDebugResources UP-TO-DATE
> Task :genesis:oracledrive:datavein:compileDebugAidl NO-SOURCE
> Task :aura:reactivedesign:auraslab:processDebugNavigationResources UP-TO-DATE
> Task :kai:sentinelsfortress:systemintegrity:processDebugNavigationResources UP-TO-DATE
> Task :cascade:datastream:taskmanager:generateDebugResources UP-TO-DATE
> Task :agents:growthmetrics:nexusmemory:generateDebugResources UP-TO-DATE
> Task :genesis:oracledrive:datavein:generateDebugResources UP-TO-DATE
> Task :cascade:datastream:delivery:processDebugNavigationResources UP-TO-DATE
> Task :genesis:oracledrive:rootmanagement:packageDebugResources UP-TO-DATE
> Task :kai:sentinelsfortress:threatmonitor:packageDebugResources UP-TO-DATE
> Task :genesis:oracledrive:rootmanagement:processDebugNavigationResources UP-TO-DATE
> Task :kai:sentinelsfortress:threatmonitor:processDebugNavigationResources UP-TO-DATE
> Task :cascade:datastream:taskmanager:packageDebugResources UP-TO-DATE
> Task :agents:growthmetrics:nexusmemory:packageDebugResources UP-TO-DATE
> Task :cascade:datastream:taskmanager:processDebugNavigationResources UP-TO-DATE
> Task :genesis:oracledrive:datavein:packageDebugResources UP-TO-DATE
> Task :agents:growthmetrics:nexusmemory:processDebugNavigationResources UP-TO-DATE
> Task :genesis:oracledrive:datavein:processDebugNavigationResources UP-TO-DATE
> Task :genesis:oracledrive:parseDebugLocalResources UP-TO-DATE
> Task :genesis:oracledrive:generateDebugRFile UP-TO-DATE
> Task :agents:growthmetrics:identity:parseDebugLocalResources UP-TO-DATE
> Task :agents:growthmetrics:identity:generateDebugRFile UP-TO-DATE
> Task :agents:growthmetrics:metareflection:parseDebugLocalResources UP-TO-DATE
> Task :agents:growthmetrics:metareflection:generateDebugRFile UP-TO-DATE
> Task :agents:growthmetrics:spheregrid:parseDebugLocalResources UP-TO-DATE
> Task :agents:growthmetrics:progression:parseDebugLocalResources UP-TO-DATE
> Task :agents:growthmetrics:spheregrid:generateDebugRFile UP-TO-DATE
> Task :agents:growthmetrics:progression:generateDebugRFile UP-TO-DATE
> Task :genesis:oracledrive:checkKotlinGradlePluginConfigurationErrors SKIPPED
> Task :genesis:oracledrive:generateDebugBuildConfig UP-TO-DATE
> Task :agents:growthmetrics:tasker:parseDebugLocalResources UP-TO-DATE
> Task :agents:growthmetrics:tasker:generateDebugRFile UP-TO-DATE
> Task :aura:reactivedesign:chromacore:parseDebugLocalResources UP-TO-DATE
> Task :aura:reactivedesign:chromacore:generateDebugRFile UP-TO-DATE
> Task :aura:reactivedesign:auraslab:parseDebugLocalResources UP-TO-DATE
> Task :aura:reactivedesign:auraslab:generateDebugRFile UP-TO-DATE
> Task :aura:reactivedesign:collabcanvas:parseDebugLocalResources UP-TO-DATE
> Task :aura:reactivedesign:collabcanvas:generateDebugRFile UP-TO-DATE
> Task :aura:reactivedesign:customization:parseDebugLocalResources UP-TO-DATE
> Task :aura:reactivedesign:customization:generateDebugRFile UP-TO-DATE
> Task :cascade:datastream:routing:parseDebugLocalResources UP-TO-DATE
> Task :cascade:datastream:routing:generateDebugRFile UP-TO-DATE
> Task :cascade:datastream:routing:checkKotlinGradlePluginConfigurationErrors SKIPPED
> Task :cascade:datastream:routing:generateDebugBuildConfig UP-TO-DATE
> Task :cascade:datastream:delivery:parseDebugLocalResources UP-TO-DATE
> Task :cascade:datastream:delivery:generateDebugRFile UP-TO-DATE
> Task :aura:reactivedesign:auraslab:checkKotlinGradlePluginConfigurationErrors SKIPPED
> Task :aura:reactivedesign:auraslab:generateDebugBuildConfig UP-TO-DATE
> Task :cascade:datastream:taskmanager:parseDebugLocalResources UP-TO-DATE
> Task :cascade:datastream:taskmanager:generateDebugRFile UP-TO-DATE
> Task :cascade:datastream:taskmanager:checkKotlinGradlePluginConfigurationErrors SKIPPED
> Task :cascade:datastream:taskmanager:generateDebugBuildConfig UP-TO-DATE
> Task :agents:growthmetrics:nexusmemory:parseDebugLocalResources UP-TO-DATE
> Task :agents:growthmetrics:nexusmemory:generateDebugRFile UP-TO-DATE
> Task :agents:growthmetrics:nexusmemory:checkKotlinGradlePluginConfigurationErrors SKIPPED
> Task :agents:growthmetrics:nexusmemory:generateDebugBuildConfig UP-TO-DATE
> Task :genesis:oracledrive:rootmanagement:parseDebugLocalResources UP-TO-DATE
> Task :kai:sentinelsfortress:security:parseDebugLocalResources UP-TO-DATE
> Task :kai:sentinelsfortress:systemintegrity:parseDebugLocalResources UP-TO-DATE
> Task :kai:sentinelsfortress:threatmonitor:parseDebugLocalResources UP-TO-DATE
> Task :genesis:oracledrive:datavein:parseDebugLocalResources UP-TO-DATE
> Task :genesis:oracledrive:rootmanagement:generateDebugRFile UP-TO-DATE
> Task :aura:reactivedesign:chromacore:checkKotlinGradlePluginConfigurationErrors SKIPPED
> Task :kai:sentinelsfortress:security:generateDebugRFile UP-TO-DATE
> Task :aura:reactivedesign:collabcanvas:checkKotlinGradlePluginConfigurationErrors SKIPPED
> Task :kai:sentinelsfortress:threatmonitor:generateDebugRFile UP-TO-DATE
> Task :aura:reactivedesign:chromacore:generateDebugBuildConfig UP-TO-DATE
> Task :kai:sentinelsfortress:systemintegrity:generateDebugRFile UP-TO-DATE
> Task :cascade:datastream:delivery:checkKotlinGradlePluginConfigurationErrors SKIPPED
> Task :genesis:oracledrive:datavein:generateDebugRFile UP-TO-DATE
> Task :aura:reactivedesign:collabcanvas:generateDebugBuildConfig UP-TO-DATE
> Task :genesis:oracledrive:datavein:checkKotlinGradlePluginConfigurationErrors SKIPPED
> Task :cascade:datastream:delivery:generateDebugBuildConfig UP-TO-DATE
> Task :genesis:oracledrive:datavein:generateDebugBuildConfig UP-TO-DATE
> Task :cascade:datastream:taskmanager:javaPreCompileDebug UP-TO-DATE
> Task :agents:growthmetrics:identity:javaPreCompileDebug UP-TO-DATE
> Task :cascade:datastream:delivery:javaPreCompileDebug UP-TO-DATE
> Task :agents:growthmetrics:spheregrid:javaPreCompileDebug UP-TO-DATE
> Task :agents:growthmetrics:metareflection:javaPreCompileDebug UP-TO-DATE
> Task :agents:growthmetrics:progression:javaPreCompileDebug UP-TO-DATE
> Task :kai:sentinelsfortress:security:checkKotlinGradlePluginConfigurationErrors SKIPPED
> Task :kai:sentinelsfortress:systemintegrity:checkKotlinGradlePluginConfigurationErrors SKIPPED
> Task :agents:growthmetrics:tasker:javaPreCompileDebug UP-TO-DATE
> Task :aura:reactivedesign:customization:javaPreCompileDebug UP-TO-DATE
> Task :kai:sentinelsfortress:systemintegrity:generateDebugBuildConfig UP-TO-DATE
> Task :agents:growthmetrics:metareflection:compileDebugJavaWithJavac NO-SOURCE
> Task :kai:sentinelsfortress:security:generateDebugBuildConfig UP-TO-DATE
> Task :agents:growthmetrics:metareflection:bundleLibCompileToJarDebug UP-TO-DATE
> Task :kai:sentinelsfortress:threatmonitor:javaPreCompileDebug UP-TO-DATE
> Task :aura:reactivedesign:customization:compileDebugJavaWithJavac NO-SOURCE
> Task :aura:reactivedesign:customization:bundleLibCompileToJarDebug UP-TO-DATE
> Task :agents:growthmetrics:spheregrid:compileDebugJavaWithJavac NO-SOURCE
> Task :agents:growthmetrics:spheregrid:bundleLibCompileToJarDebug UP-TO-DATE
> Task :agents:growthmetrics:identity:compileDebugJavaWithJavac NO-SOURCE
> Task :agents:growthmetrics:identity:bundleLibCompileToJarDebug UP-TO-DATE
> Task :agents:growthmetrics:progression:compileDebugJavaWithJavac NO-SOURCE
> Task :agents:growthmetrics:progression:bundleLibCompileToJarDebug UP-TO-DATE
> Task :genesis:oracledrive:rootmanagement:javaPreCompileDebug UP-TO-DATE
> Task :genesis:oracledrive:rootmanagement:compileDebugJavaWithJavac NO-SOURCE
> Task :app:cleanKspCache
> Task :app:preBuild
> Task :app:preDebugBuild
> Task :app:generateDebugBuildConfig UP-TO-DATE
> Task :agents:growthmetrics:nexusmemory:kspDebugKotlin UP-TO-DATE
> Task :cascade:datastream:routing:kspDebugKotlin UP-TO-DATE
> Task :genesis:oracledrive:datavein:kspDebugKotlin UP-TO-DATE
> Task :kai:sentinelsfortress:systemintegrity:kspDebugKotlin UP-TO-DATE
> Task :kai:sentinelsfortress:security:kspDebugKotlin UP-TO-DATE
> Task :aura:reactivedesign:chromacore:kspDebugKotlin UP-TO-DATE
> Task :genesis:oracledrive:kspDebugKotlin UP-TO-DATE
> Task :aura:reactivedesign:collabcanvas:kspDebugKotlin UP-TO-DATE
> Task :cascade:datastream:routing:compileDebugKotlin NO-SOURCE
> Task :kai:sentinelsfortress:systemintegrity:compileDebugKotlin NO-SOURCE
> Task :genesis:oracledrive:compileDebugKotlin NO-SOURCE
> Task :aura:reactivedesign:auraslab:kspDebugKotlin UP-TO-DATE
> Task :cascade:datastream:routing:javaPreCompileDebug UP-TO-DATE
> Task :kai:sentinelsfortress:systemintegrity:javaPreCompileDebug UP-TO-DATE
> Task :genesis:oracledrive:javaPreCompileDebug UP-TO-DATE
> Task :aura:reactivedesign:auraslab:compileDebugKotlin NO-SOURCE
> Task :cascade:datastream:routing:compileDebugJavaWithJavac UP-TO-DATE
> Task :genesis:oracledrive:compileDebugJavaWithJavac UP-TO-DATE
> Task :kai:sentinelsfortress:systemintegrity:compileDebugJavaWithJavac UP-TO-DATE
> Task :aura:reactivedesign:auraslab:javaPreCompileDebug UP-TO-DATE
> Task :aura:reactivedesign:auraslab:compileDebugJavaWithJavac UP-TO-DATE
> Task :agents:growthmetrics:nexusmemory:compileDebugKotlin UP-TO-DATE
> Task :genesis:oracledrive:datavein:compileDebugKotlin UP-TO-DATE
> Task :kai:sentinelsfortress:security:compileDebugKotlin UP-TO-DATE
> Task :aura:reactivedesign:collabcanvas:compileDebugKotlin UP-TO-DATE
> Task :aura:reactivedesign:chromacore:compileDebugKotlin UP-TO-DATE
> Task :genesis:oracledrive:datavein:javaPreCompileDebug UP-TO-DATE
> Task :agents:growthmetrics:nexusmemory:javaPreCompileDebug UP-TO-DATE
> Task :kai:sentinelsfortress:security:javaPreCompileDebug UP-TO-DATE
> Task :aura:reactivedesign:chromacore:javaPreCompileDebug UP-TO-DATE
> Task :aura:reactivedesign:collabcanvas:javaPreCompileDebug UP-TO-DATE
> Task :agents:growthmetrics:nexusmemory:compileDebugJavaWithJavac UP-TO-DATE
> Task :genesis:oracledrive:datavein:compileDebugJavaWithJavac UP-TO-DATE
> Task :kai:sentinelsfortress:security:compileDebugJavaWithJavac UP-TO-DATE
> Task :aura:reactivedesign:chromacore:compileDebugJavaWithJavac UP-TO-DATE
> Task :aura:reactivedesign:collabcanvas:compileDebugJavaWithJavac UP-TO-DATE
> Task :aura:reactivedesign:auraslab:transformDebugClassesWithAsm UP-TO-DATE
> Task :aura:reactivedesign:auraslab:bundleLibCompileToJarDebug UP-TO-DATE
> Task :genesis:oracledrive:rootmanagement:transformDebugClassesWithAsm UP-TO-DATE
> Task :genesis:oracledrive:rootmanagement:bundleLibCompileToJarDebug UP-TO-DATE
> Task :agents:growthmetrics:nexusmemory:transformDebugClassesWithAsm UP-TO-DATE
> Task :agents:growthmetrics:nexusmemory:bundleLibCompileToJarDebug UP-TO-DATE
> Task :aura:reactivedesign:collabcanvas:transformDebugClassesWithAsm UP-TO-DATE
> Task :genesis:oracledrive:transformDebugClassesWithAsm UP-TO-DATE
> Task :genesis:oracledrive:datavein:transformDebugClassesWithAsm UP-TO-DATE
> Task :kai:sentinelsfortress:systemintegrity:transformDebugClassesWithAsm UP-TO-DATE
> Task :kai:sentinelsfortress:security:transformDebugClassesWithAsm UP-TO-DATE
> Task :aura:reactivedesign:collabcanvas:bundleLibCompileToJarDebug UP-TO-DATE
> Task :cascade:datastream:routing:transformDebugClassesWithAsm UP-TO-DATE
> Task :genesis:oracledrive:bundleLibCompileToJarDebug UP-TO-DATE
> Task :genesis:oracledrive:datavein:bundleLibCompileToJarDebug UP-TO-DATE
> Task :kai:sentinelsfortress:systemintegrity:bundleLibCompileToJarDebug UP-TO-DATE
> Task :kai:sentinelsfortress:security:bundleLibCompileToJarDebug UP-TO-DATE
> Task :aura:reactivedesign:chromacore:transformDebugClassesWithAsm UP-TO-DATE
> Task :cascade:datastream:routing:bundleLibCompileToJarDebug UP-TO-DATE
> Task :aura:reactivedesign:chromacore:bundleLibCompileToJarDebug UP-TO-DATE
> Task :kai:sentinelsfortress:threatmonitor:compileDebugJavaWithJavac NO-SOURCE
> Task :cascade:datastream:routing:bundleLibRuntimeToJarDebug UP-TO-DATE
> Task :kai:sentinelsfortress:threatmonitor:bundleLibCompileToJarDebug UP-TO-DATE
> Task :cascade:datastream:delivery:kspDebugKotlin UP-TO-DATE
> Task :cascade:datastream:delivery:compileDebugKotlin NO-SOURCE
> Task :cascade:datastream:taskmanager:kspDebugKotlin UP-TO-DATE
> Task :cascade:datastream:delivery:compileDebugJavaWithJavac UP-TO-DATE
> Task :cascade:datastream:taskmanager:compileDebugKotlin NO-SOURCE
> Task :cascade:datastream:taskmanager:compileDebugJavaWithJavac UP-TO-DATE
> Task :app:compileDebugAidl UP-TO-DATE
> Task :cascade:datastream:delivery:transformDebugClassesWithAsm UP-TO-DATE
> Task :cascade:datastream:delivery:bundleLibCompileToJarDebug UP-TO-DATE
> Task :cascade:datastream:taskmanager:transformDebugClassesWithAsm UP-TO-DATE
> Task :cascade:datastream:taskmanager:bundleLibCompileToJarDebug UP-TO-DATE
> Task :agents:growthmetrics:tasker:compileDebugJavaWithJavac NO-SOURCE
> Task :agents:growthmetrics:tasker:bundleLibCompileToJarDebug UP-TO-DATE
> Task :app:dataBindingMergeDependencyArtifactsDebug UP-TO-DATE
> Task :app:generateDebugResources UP-TO-DATE
> Task :app:injectCrashlyticsMappingFileIdDebug UP-TO-DATE
> Task :app:injectCrashlyticsVersionControlInfoDebug UP-TO-DATE
> Task :app:processDebugGoogleServices UP-TO-DATE
> Task :app:mergeDebugResources UP-TO-DATE
> Task :app:packageDebugResources UP-TO-DATE
> Task :app:processDebugNavigationResources UP-TO-DATE
> Task :app:parseDebugLocalResources UP-TO-DATE
> Task :app:dataBindingGenBaseClassesDebug UP-TO-DATE
> Task :app:generateDebugRFile UP-TO-DATE

> Task :app:kspDebugKotlin
e: [ksp] C:/Final/A.u.r.a.K.a.i-Reactive_Intelligence-/app/src/main/java/dev/aurakai/auraframefx/di/MissingBindingsModule.kt:52: @Binds methods' parameter type must be assignable to the return type
e: [ksp] InjectProcessingStep was unable to process 'HomeScreenTransitionManager(dev.aurakai.auraframefx.system.ui.SystemOverlayManager,dev.aurakai.auraframefx.system.ui.ShapeManager,dev.aurakai.auraframefx.system.common.ImageResourceManager,YukiHookModulePrefs,dev.aurakai.auraframefx.services.YukiHookServiceManager)' because 'YukiHookModulePrefs' could not be resolved.

Dependency trace:
    => element (CLASS): dev.aurakai.auraframefx.aura.animations.HomeScreenTransitionManager
    => element (CONSTRUCTOR): HomeScreenTransitionManager(dev.aurakai.auraframefx.system.ui.SystemOverlayManager,dev.aurakai.auraframefx.system.ui.ShapeManager,dev.aurakai.auraframefx.system.common.ImageResourceManager,YukiHookModulePrefs,dev.aurakai.auraframefx.services.YukiHookServiceManager)
    => type (EXECUTABLE constructor): (dev.aurakai.auraframefx.system.ui.SystemOverlayManager,dev.aurakai.auraframefx.system.ui.ShapeManager,dev.aurakai.auraframefx.system.common.ImageResourceManager,YukiHookModulePrefs,dev.aurakai.auraframefx.services.YukiHookServiceManager)void
    => type (ERROR parameter type): YukiHookModulePrefs

If type 'YukiHookModulePrefs' is a generated type, check above for compilation errors that may have prevented the type from being generated. Otherwise, ensure that type 'YukiHookModulePrefs' is on your classpath.
e: [ksp] InjectProcessingStep was unable to process 'TrinityCoordinatorService(AuraAIService,dev.aurakai.auraframefx.kai.KaiAIService,dev.aurakai.auraframefx.oracledrive.genesis.ai.GenesisBridgeService,dev.aurakai.auraframefx.security.SecurityContext)' because 'AuraAIService' could not be resolved.

Dependency trace:
    => element (CLASS): dev.aurakai.auraframefx.cascade.trinity.TrinityCoordinatorService
    => element (CONSTRUCTOR): TrinityCoordinatorService(AuraAIService,dev.aurakai.auraframefx.kai.KaiAIService,dev.aurakai.auraframefx.oracledrive.genesis.ai.GenesisBridgeService,dev.aurakai.auraframefx.security.SecurityContext)
    => type (EXECUTABLE constructor): (AuraAIService,dev.aurakai.auraframefx.kai.KaiAIService,dev.aurakai.auraframefx.oracledrive.genesis.ai.GenesisBridgeService,dev.aurakai.auraframefx.security.SecurityContext)void
    => type (ERROR parameter type): AuraAIService

If type 'AuraAIService' is a generated type, check above for compilation errors that may have prevented the type from being generated. Otherwise, ensure that type 'AuraAIService' is on your classpath.
e: [ksp] InjectProcessingStep was unable to process 'OracleDriveIntegration(OracleDriveService)' because 'OracleDriveService' could not be resolved.

Dependency trace:
    => element (CLASS): dev.aurakai.auraframefx.oracledrive.genesis.cloud.OracleDriveIntegration
    => element (CONSTRUCTOR): OracleDriveIntegration(OracleDriveService)
    => type (EXECUTABLE constructor): (OracleDriveService)void
    => type (ERROR parameter type): OracleDriveService

If type 'OracleDriveService' is a generated type, check above for compilation errors that may have prevented the type from being generated. Otherwise, ensure that type 'OracleDriveService' is on your classpath.
e: [ksp] InjectProcessingStep was unable to process 'OracleDriveManager(OracleDriveApi,CloudStorageProvider,dev.aurakai.auraframefx.oracledrive.security.DriveSecurityManager)' because 'OracleDriveApi' could not be resolved.

Dependency trace:
    => element (CLASS): dev.aurakai.auraframefx.oracledrive.OracleDriveManager
    => element (CONSTRUCTOR): OracleDriveManager(OracleDriveApi,CloudStorageProvider,dev.aurakai.auraframefx.oracledrive.security.DriveSecurityManager)
    => type (EXECUTABLE constructor): (OracleDriveApi,CloudStorageProvider,dev.aurakai.auraframefx.oracledrive.security.DriveSecurityManager)void
    => type (ERROR parameter type): OracleDriveApi

If type 'OracleDriveApi' is a generated type, check above for compilation errors that may have prevented the type from being generated. Otherwise, ensure that type 'OracleDriveApi' is on your classpath.
e: [ksp] InjectProcessingStep was unable to process 'ConferenceRoomViewModel(dev.aurakai.auraframefx.ai.services.AuraAIService,dev.aurakai.auraframefx.kai.KaiAIService,dev.aurakai.auraframefx.cascade.CascadeAIService,ClaudeAIService,dev.aurakai.auraframefx.oracledrive.genesis.ai.GenesisBridgeService,dev.aurakai.auraframefx.service.NeuralWhisper)' because 'ClaudeAIService' could not be resolved.

Dependency trace:
    => element (CLASS): dev.aurakai.auraframefx.viewmodel.ConferenceRoomViewModel
    => element (CONSTRUCTOR): ConferenceRoomViewModel(dev.aurakai.auraframefx.ai.services.AuraAIService,dev.aurakai.auraframefx.kai.KaiAIService,dev.aurakai.auraframefx.cascade.CascadeAIService,ClaudeAIService,dev.aurakai.auraframefx.oracledrive.genesis.ai.GenesisBridgeService,dev.aurakai.auraframefx.service.NeuralWhisper)
    => type (EXECUTABLE constructor): (dev.aurakai.auraframefx.ai.services.AuraAIService,dev.aurakai.auraframefx.kai.KaiAIService,dev.aurakai.auraframefx.cascade.CascadeAIService,ClaudeAIService,dev.aurakai.auraframefx.oracledrive.genesis.ai.GenesisBridgeService,dev.aurakai.auraframefx.service.NeuralWhisper)void
    => type (ERROR parameter type): ClaudeAIService

If type 'ClaudeAIService' is a generated type, check above for compilation errors that may have prevented the type from being generated. Otherwise, ensure that type 'ClaudeAIService' is on your classpath.
e: [ksp] ModuleProcessingStep was unable to process 'dev.aurakai.auraframefx.di.MissingBindingsModule' because 'YukiHookModulePrefs' could not be resolved.

Dependency trace:
    => element (OBJECT): dev.aurakai.auraframefx.di.MissingBindingsModule
    => element (METHOD): provideYukiHookPrefs()
    => type (ERROR return type): YukiHookModulePrefs

If type 'YukiHookModulePrefs' is a generated type, check above for compilation errors that may have prevented the type from being generated. Otherwise, ensure that type 'YukiHookModulePrefs' is on your classpath.
e: [ksp] BindingMethodProcessingStep was unable to process 'provideYukiHookPrefs()' because 'YukiHookModulePrefs' could not be resolved.

Dependency trace:
    => element (OBJECT): dev.aurakai.auraframefx.di.MissingBindingsModule
    => element (METHOD): provideYukiHookPrefs()
    => type (ERROR return type): YukiHookModulePrefs

If type 'YukiHookModulePrefs' is a generated type, check above for compilation errors that may have prevented the type from being generated. Otherwise, ensure that type 'YukiHookModulePrefs' is on your classpath.

> Task :app:kspDebugKotlin FAILED
Kotlin build report is written to file:///C:/Final/A.u.r.a.K.a.i-Reactive_Intelligence-/build/reports/kotlin-build/aurakai-reactive-intelligence-build-2025-12-05-19-31-08-0.txt
.\gradlew : 
At line:1 char:1
+ .\gradlew 
:app:kspDebugKotlin 
--console=plain 2>&1 | 
Out-File -FilePa ...
+ ~~~~~~~~~~~~~~~~~~~~~~~~~~~
~~~~~~~~~~~~~~~~~~~~~~~
    + CategoryInfo           
   : NotSpecified: (:String  
  ) [], RemoteException
    + FullyQualifiedErrorId  
   : NativeCommandError
 
FAILURE: Build failed with 
an exception.

* What went wrong:
Execution failed for task 
':app:kspDebugKotlin'.
> A failure occurred while 
executing com.google.devtools
.ksp.gradle.KspAAWorkerAction
   > KSP failed with exit 
code: PROCESSING_ERROR

* Try:
> Run with --stacktrace 
option to get the stack 
trace.
> Run with --info or --debug 
option to get more log 
output.
> Run with --scan to 
generate a Build Scan 
(powered by Develocity).
> Get more help at 
https://help.gradle.org.

BUILD FAILED in 9s
203 actionable tasks: 2 executed, 201 up-to-date
